# JRE version: OpenJDK Runtime Environment (7.0_79-b14) (build 1.7.0_79-b14)
# Java VM: OpenJDK 64-Bit Server VM (24.79-b02 mixed mode linux-amd64 compressed oops)
Heap
 PSYoungGen      total 209408K, used 0K [0x00000000f2200000, 0x0000000100000000, 0x0000000100000000)
  eden space 208896K, 0% used [0x00000000f2200000,0x00000000f2200000,0x00000000fee00000)
  from space 512K, 0% used [0x00000000fee00000,0x00000000fee00000,0x00000000fee80000)
  to   space 9728K, 0% used [0x00000000ff680000,0x00000000ff680000,0x0000000100000000)
 ParOldGen       total 41472K, used 15762K [0x00000000d6600000, 0x00000000d8e80000, 0x00000000f2200000)
  object space 41472K, 38% used [0x00000000d6600000,0x00000000d7564bb8,0x00000000d8e80000)
 PSPermGen       total 28672K, used 28282K [0x00000000cc000000, 0x00000000cdc00000, 0x00000000d6600000)
  object space 28672K, 98% used [0x00000000cc000000,0x00000000cdb9e818,0x00000000cdc00000)
GC Heap History (10 events):
Event: 6.405 GC heap after
Heap after GC invocations=7 (full 0):
 PSYoungGen      total 89600K, used 2928K [0x00000000f2200000, 0x00000000fd100000, 0x0000000100000000)
  eden space 85504K, 0% used [0x00000000f2200000,0x00000000f2200000,0x00000000f7580000)
  from space 4096K, 71% used [0x00000000f7580000,0x00000000f785c010,0x00000000f7980000)
  to   space 4096K, 0% used [0x00000000fcd00000,0x00000000fcd00000,0x00000000fd100000)
 ParOldGen       total 27136K, used 7020K [0x00000000d6600000, 0x00000000d8080000, 0x00000000f2200000)
  object space 27136K, 25% used [0x00000000d6600000,0x00000000d6cdb028,0x00000000d8080000)
 PSPermGen       total 24064K, used 23605K [0x00000000cc000000, 0x00000000cd780000, 0x00000000d6600000)
  object space 24064K, 98% used [0x00000000cc000000,0x00000000cd70d610,0x00000000cd780000)
}
Event: 6.766 GC heap before
{Heap before GC invocations=8 (full 0):
 PSYoungGen      total 89600K, used 88432K [0x00000000f2200000, 0x00000000fd100000, 0x0000000100000000)
  eden space 85504K, 100% used [0x00000000f2200000,0x00000000f7580000,0x00000000f7580000)
  from space 4096K, 71% used [0x00000000f7580000,0x00000000f785c010,0x00000000f7980000)
  to   space 4096K, 0% used [0x00000000fcd00000,0x00000000fcd00000,0x00000000fd100000)
 ParOldGen       total 27136K, used 7020K [0x00000000d6600000, 0x00000000d8080000, 0x00000000f2200000)
  object space 27136K, 25% used [0x00000000d6600000,0x00000000d6cdb028,0x00000000d8080000)
 PSPermGen       total 25088K, used 24705K [0x00000000cc000000, 0x00000000cd880000, 0x00000000d6600000)
  object space 25088K, 98% used [0x00000000cc000000,0x00000000cd820428,0x00000000cd880000)
Event: 6.790 GC heap after
Heap after GC invocations=8 (full 0):
 PSYoungGen      total 174080K, used 4096K [0x00000000f2200000, 0x00000000fd300000, 0x0000000100000000)
  eden space 169984K, 0% used [0x00000000f2200000,0x00000000f2200000,0x00000000fc800000)
  from space 4096K, 100% used [0x00000000fcd00000,0x00000000fd100000,0x00000000fd100000)
  to   space 5120K, 0% used [0x00000000fc800000,0x00000000fc800000,0x00000000fcd00000)
 ParOldGen       total 27136K, used 9212K [0x00000000d6600000, 0x00000000d8080000, 0x00000000f2200000)
  object space 27136K, 33% used [0x00000000d6600000,0x00000000d6eff0e8,0x00000000d8080000)
 PSPermGen       total 25088K, used 24705K [0x00000000cc000000, 0x00000000cd880000, 0x00000000d6600000)
  object space 25088K, 98% used [0x00000000cc000000,0x00000000cd820428,0x00000000cd880000)
}
Event: 25.926 GC heap before
{Heap before GC invocations=9 (full 0):
 PSYoungGen      total 174080K, used 174080K [0x00000000f2200000, 0x00000000fd300000, 0x0000000100000000)
  eden space 169984K, 100% used [0x00000000f2200000,0x00000000fc800000,0x00000000fc800000)
  from space 4096K, 100% used [0x00000000fcd00000,0x00000000fd100000,0x00000000fd100000)
  to   space 5120K, 0% used [0x00000000fc800000,0x00000000fc800000,0x00000000fcd00000)
 ParOldGen       total 27136K, used 9212K [0x00000000d6600000, 0x00000000d8080000, 0x00000000f2200000)
  object space 27136K, 33% used [0x00000000d6600000,0x00000000d6eff0e8,0x00000000d8080000)
 PSPermGen       total 28160K, used 28065K [0x00000000cc000000, 0x00000000cdb80000, 0x00000000d6600000)
  object space 28160K, 99% used [0x00000000cc000000,0x00000000cdb68760,0x00000000cdb80000)
Event: 26.016 GC heap after
Heap after GC invocations=9 (full 0):
 PSYoungGen      total 175104K, used 5120K [0x00000000f2200000, 0x0000000100000000, 0x0000000100000000)
  eden space 169984K, 0% used [0x00000000f2200000,0x00000000f2200000,0x00000000fc800000)
  from space 5120K, 100% used [0x00000000fc800000,0x00000000fcd00000,0x00000000fcd00000)
  to   space 7168K, 0% used [0x00000000ff900000,0x00000000ff900000,0x0000000100000000)
 ParOldGen       total 27136K, used 11909K [0x00000000d6600000, 0x00000000d8080000, 0x00000000f2200000)
  object space 27136K, 43% used [0x00000000d6600000,0x00000000d71a1640,0x00000000d8080000)
 PSPermGen       total 28160K, used 28065K [0x00000000cc000000, 0x00000000cdb80000, 0x00000000d6600000)
  object space 28160K, 99% used [0x00000000cc000000,0x00000000cdb68760,0x00000000cdb80000)
}
Event: 28.072 GC heap before
{Heap before GC invocations=10 (full 0):
 PSYoungGen      total 175104K, used 175104K [0x00000000f2200000, 0x0000000100000000, 0x0000000100000000)
  eden space 169984K, 100% used [0x00000000f2200000,0x00000000fc800000,0x00000000fc800000)
  from space 5120K, 100% used [0x00000000fc800000,0x00000000fcd00000,0x00000000fcd00000)
  to   space 7168K, 0% used [0x00000000ff900000,0x00000000ff900000,0x0000000100000000)
 ParOldGen       total 27136K, used 11909K [0x00000000d6600000, 0x00000000d8080000, 0x00000000f2200000)
  object space 27136K, 43% used [0x00000000d6600000,0x00000000d71a1640,0x00000000d8080000)
 PSPermGen       total 28672K, used 28184K [0x00000000cc000000, 0x00000000cdc00000, 0x00000000d6600000)
  object space 28672K, 98% used [0x00000000cc000000,0x00000000cdb860a0,0x00000000cdc00000)
Event: 28.173 GC heap after
Heap after GC invocations=10 (full 0):
 PSYoungGen      total 216064K, used 7168K [0x00000000f2200000, 0x0000000100000000, 0x0000000100000000)
  eden space 208896K, 0% used [0x00000000f2200000,0x00000000f2200000,0x00000000fee00000)
  from space 7168K, 100% used [0x00000000ff900000,0x0000000100000000,0x0000000100000000)
  to   space 9216K, 0% used [0x00000000fee00000,0x00000000fee00000,0x00000000ff700000)
 ParOldGen       total 27136K, used 16021K [0x00000000d6600000, 0x00000000d8080000, 0x00000000f2200000)
  object space 27136K, 59% used [0x00000000d6600000,0x00000000d75a5640,0x00000000d8080000)
 PSPermGen       total 28672K, used 28184K [0x00000000cc000000, 0x00000000cdc00000, 0x00000000d6600000)
  object space 28672K, 98% used [0x00000000cc000000,0x00000000cdb860a0,0x00000000cdc00000)
}
Event: 29.615 GC heap before
{Heap before GC invocations=11 (full 0):
 PSYoungGen      total 216064K, used 216064K [0x00000000f2200000, 0x0000000100000000, 0x0000000100000000)
  eden space 208896K, 100% used [0x00000000f2200000,0x00000000fee00000,0x00000000fee00000)
  from space 7168K, 100% used [0x00000000ff900000,0x0000000100000000,0x0000000100000000)
  to   space 9216K, 0% used [0x00000000fee00000,0x00000000fee00000,0x00000000ff700000)
 ParOldGen       total 27136K, used 16021K [0x00000000d6600000, 0x00000000d8080000, 0x00000000f2200000)
  object space 27136K, 59% used [0x00000000d6600000,0x00000000d75a5640,0x00000000d8080000)
 PSPermGen       total 28672K, used 28299K [0x00000000cc000000, 0x00000000cdc00000, 0x00000000d6600000)
  object space 28672K, 98% used [0x00000000cc000000,0x00000000cdba2ca0,0x00000000cdc00000)
Event: 29.970 GC heap after
Heap after GC invocations=11 (full 0):
 PSYoungGen      total 209408K, used 416K [0x00000000f2200000, 0x0000000100000000, 0x0000000100000000)
  eden space 208896K, 0% used [0x00000000f2200000,0x00000000f2200000,0x00000000fee00000)
  from space 512K, 81% used [0x00000000fee00000,0x00000000fee68000,0x00000000fee80000)
  to   space 9728K, 0% used [0x00000000ff680000,0x00000000ff680000,0x0000000100000000)
 ParOldGen       total 27136K, used 23201K [0x00000000d6600000, 0x00000000d8080000, 0x00000000f2200000)
  object space 27136K, 85% used [0x00000000d6600000,0x00000000d7ca8788,0x00000000d8080000)
 PSPermGen       total 28672K, used 28299K [0x00000000cc000000, 0x00000000cdc00000, 0x00000000d6600000)
  object space 28672K, 98% used [0x00000000cc000000,0x00000000cdba2ca0,0x00000000cdc00000)
}
Event: 30.088 GC heap before
{Heap before GC invocations=12 (full 1):
 PSYoungGen      total 209408K, used 416K [0x00000000f2200000, 0x0000000100000000, 0x0000000100000000)
  eden space 208896K, 0% used [0x00000000f2200000,0x00000000f2200000,0x00000000fee00000)
  from space 512K, 81% used [0x00000000fee00000,0x00000000fee68000,0x00000000fee80000)
  to   space 9728K, 0% used [0x00000000ff680000,0x00000000ff680000,0x0000000100000000)
 ParOldGen       total 27136K, used 23201K [0x00000000d6600000, 0x00000000d8080000, 0x00000000f2200000)
  object space 27136K, 85% used [0x00000000d6600000,0x00000000d7ca8788,0x00000000d8080000)
 PSPermGen       total 28672K, used 28299K [0x00000000cc000000, 0x00000000cdc00000, 0x00000000d6600000)
  object space 28672K, 98% used [0x00000000cc000000,0x00000000cdba2ca0,0x00000000cdc00000)

