# JRE version: OpenJDK Runtime Environment (7.0_79-b14) (build 1.7.0_79-b14)
# Java VM: OpenJDK 64-Bit Server VM (24.79-b02 mixed mode linux-amd64 compressed oops)
Heap
 PSYoungGen      total 150016K, used 1120K [0x00000000f2200000, 0x00000000fbc00000, 0x0000000100000000)
  eden space 147456K, 0% used [0x00000000f2200000,0x00000000f2200000,0x00000000fb200000)
  from space 2560K, 43% used [0x00000000fb200000,0x00000000fb318000,0x00000000fb480000)
  to   space 3072K, 0% used [0x00000000fb480000,0x00000000fb480000,0x00000000fb780000)
 ParOldGen       total 39936K, used 21865K [0x00000000d6600000, 0x00000000d8d00000, 0x00000000f2200000)
  object space 39936K, 54% used [0x00000000d6600000,0x00000000d7b5a5f8,0x00000000d8d00000)
 PSPermGen       total 80896K, used 40461K [0x00000000cc000000, 0x00000000d0f00000, 0x00000000d6600000)
  object space 80896K, 50% used [0x00000000cc000000,0x00000000ce7836f8,0x00000000d0f00000)
GC Heap History (10 events):
Event: 7780.984 GC heap after
Heap after GC invocations=49 (full 1):
 PSYoungGen      total 88064K, used 992K [0x00000000f2200000, 0x00000000fba80000, 0x0000000100000000)
  eden space 87040K, 0% used [0x00000000f2200000,0x00000000f2200000,0x00000000f7700000)
  from space 1024K, 96% used [0x00000000fb980000,0x00000000fba78000,0x00000000fba80000)
  to   space 3072K, 0% used [0x00000000fb480000,0x00000000fb480000,0x00000000fb780000)
 ParOldGen       total 39936K, used 21185K [0x00000000d6600000, 0x00000000d8d00000, 0x00000000f2200000)
  object space 39936K, 53% used [0x00000000d6600000,0x00000000d7ab05f8,0x00000000d8d00000)
 PSPermGen       total 80896K, used 40461K [0x00000000cc000000, 0x00000000d0f00000, 0x00000000d6600000)
  object space 80896K, 50% used [0x00000000cc000000,0x00000000ce7836f8,0x00000000d0f00000)
}
Event: 7798.981 GC heap before
{Heap before GC invocations=50 (full 1):
 PSYoungGen      total 88064K, used 88032K [0x00000000f2200000, 0x00000000fba80000, 0x0000000100000000)
  eden space 87040K, 100% used [0x00000000f2200000,0x00000000f7700000,0x00000000f7700000)
  from space 1024K, 96% used [0x00000000fb980000,0x00000000fba78000,0x00000000fba80000)
  to   space 3072K, 0% used [0x00000000fb480000,0x00000000fb480000,0x00000000fb780000)
 ParOldGen       total 39936K, used 21185K [0x00000000d6600000, 0x00000000d8d00000, 0x00000000f2200000)
  object space 39936K, 53% used [0x00000000d6600000,0x00000000d7ab05f8,0x00000000d8d00000)
 PSPermGen       total 80896K, used 40461K [0x00000000cc000000, 0x00000000d0f00000, 0x00000000d6600000)
  object space 80896K, 50% used [0x00000000cc000000,0x00000000ce7836f8,0x00000000d0f00000)
Event: 7799.909 GC heap after
Heap after GC invocations=50 (full 1):
 PSYoungGen      total 102400K, used 928K [0x00000000f2200000, 0x00000000fba00000, 0x0000000100000000)
  eden space 101376K, 0% used [0x00000000f2200000,0x00000000f2200000,0x00000000f8500000)
  from space 1024K, 90% used [0x00000000fb480000,0x00000000fb568000,0x00000000fb580000)
  to   space 3072K, 0% used [0x00000000fb700000,0x00000000fb700000,0x00000000fba00000)
 ParOldGen       total 39936K, used 21345K [0x00000000d6600000, 0x00000000d8d00000, 0x00000000f2200000)
  object space 39936K, 53% used [0x00000000d6600000,0x00000000d7ad85f8,0x00000000d8d00000)
 PSPermGen       total 80896K, used 40461K [0x00000000cc000000, 0x00000000d0f00000, 0x00000000d6600000)
  object space 80896K, 50% used [0x00000000cc000000,0x00000000ce7836f8,0x00000000d0f00000)
}
Event: 8791.908 GC heap before
{Heap before GC invocations=51 (full 1):
 PSYoungGen      total 102400K, used 102304K [0x00000000f2200000, 0x00000000fba00000, 0x0000000100000000)
  eden space 101376K, 100% used [0x00000000f2200000,0x00000000f8500000,0x00000000f8500000)
  from space 1024K, 90% used [0x00000000fb480000,0x00000000fb568000,0x00000000fb580000)
  to   space 3072K, 0% used [0x00000000fb700000,0x00000000fb700000,0x00000000fba00000)
 ParOldGen       total 39936K, used 21345K [0x00000000d6600000, 0x00000000d8d00000, 0x00000000f2200000)
  object space 39936K, 53% used [0x00000000d6600000,0x00000000d7ad85f8,0x00000000d8d00000)
 PSPermGen       total 80896K, used 40461K [0x00000000cc000000, 0x00000000d0f00000, 0x00000000d6600000)
  object space 80896K, 50% used [0x00000000cc000000,0x00000000ce7836f8,0x00000000d0f00000)
Event: 8796.992 GC heap after
Heap after GC invocations=51 (full 1):
 PSYoungGen      total 118784K, used 1088K [0x00000000f2200000, 0x00000000fb880000, 0x0000000100000000)
  eden space 117248K, 0% used [0x00000000f2200000,0x00000000f2200000,0x00000000f9480000)
  from space 1536K, 70% used [0x00000000fb700000,0x00000000fb810000,0x00000000fb880000)
  to   space 3072K, 0% used [0x00000000fb280000,0x00000000fb280000,0x00000000fb580000)
 ParOldGen       total 39936K, used 21481K [0x00000000d6600000, 0x00000000d8d00000, 0x00000000f2200000)
  object space 39936K, 53% used [0x00000000d6600000,0x00000000d7afa5f8,0x00000000d8d00000)
 PSPermGen       total 80896K, used 40461K [0x00000000cc000000, 0x00000000d0f00000, 0x00000000d6600000)
  object space 80896K, 50% used [0x00000000cc000000,0x00000000ce7836f8,0x00000000d0f00000)
}
Event: 9996.926 GC heap before
{Heap before GC invocations=52 (full 1):
 PSYoungGen      total 118784K, used 118336K [0x00000000f2200000, 0x00000000fb880000, 0x0000000100000000)
  eden space 117248K, 100% used [0x00000000f2200000,0x00000000f9480000,0x00000000f9480000)
  from space 1536K, 70% used [0x00000000fb700000,0x00000000fb810000,0x00000000fb880000)
  to   space 3072K, 0% used [0x00000000fb280000,0x00000000fb280000,0x00000000fb580000)
 ParOldGen       total 39936K, used 21481K [0x00000000d6600000, 0x00000000d8d00000, 0x00000000f2200000)
  object space 39936K, 53% used [0x00000000d6600000,0x00000000d7afa5f8,0x00000000d8d00000)
 PSPermGen       total 80896K, used 40461K [0x00000000cc000000, 0x00000000d0f00000, 0x00000000d6600000)
  object space 80896K, 50% used [0x00000000cc000000,0x00000000ce7836f8,0x00000000d0f00000)
Event: 9999.936 GC heap after
Heap after GC invocations=52 (full 1):
 PSYoungGen      total 135168K, used 800K [0x00000000f2200000, 0x00000000fb780000, 0x0000000100000000)
  eden space 134144K, 0% used [0x00000000f2200000,0x00000000f2200000,0x00000000fa500000)
  from space 1024K, 78% used [0x00000000fb280000,0x00000000fb348000,0x00000000fb380000)
  to   space 3072K, 0% used [0x00000000fb480000,0x00000000fb480000,0x00000000fb780000)
 ParOldGen       total 39936K, used 21617K [0x00000000d6600000, 0x00000000d8d00000, 0x00000000f2200000)
  object space 39936K, 54% used [0x00000000d6600000,0x00000000d7b1c5f8,0x00000000d8d00000)
 PSPermGen       total 80896K, used 40461K [0x00000000cc000000, 0x00000000d0f00000, 0x00000000d6600000)
  object space 80896K, 50% used [0x00000000cc000000,0x00000000ce7836f8,0x00000000d0f00000)
}
Event: 10607.124 GC heap before
{Heap before GC invocations=53 (full 1):
 PSYoungGen      total 135168K, used 134944K [0x00000000f2200000, 0x00000000fb780000, 0x0000000100000000)
  eden space 134144K, 100% used [0x00000000f2200000,0x00000000fa500000,0x00000000fa500000)
  from space 1024K, 78% used [0x00000000fb280000,0x00000000fb348000,0x00000000fb380000)
  to   space 3072K, 0% used [0x00000000fb480000,0x00000000fb480000,0x00000000fb780000)
 ParOldGen       total 39936K, used 21617K [0x00000000d6600000, 0x00000000d8d00000, 0x00000000f2200000)
  object space 39936K, 54% used [0x00000000d6600000,0x00000000d7b1c5f8,0x00000000d8d00000)
 PSPermGen       total 80896K, used 40461K [0x00000000cc000000, 0x00000000d0f00000, 0x00000000d6600000)
  object space 80896K, 50% used [0x00000000cc000000,0x00000000ce7836f8,0x00000000d0f00000)
Event: 10612.109 GC heap after
Heap after GC invocations=53 (full 1):
 PSYoungGen      total 150528K, used 1024K [0x00000000f2200000, 0x00000000fbc00000, 0x0000000100000000)
  eden space 147456K, 0% used [0x00000000f2200000,0x00000000f2200000,0x00000000fb200000)
  from space 3072K, 33% used [0x00000000fb480000,0x00000000fb580000,0x00000000fb780000)
  to   space 2560K, 0% used [0x00000000fb200000,0x00000000fb200000,0x00000000fb480000)
 ParOldGen       total 39936K, used 21745K [0x00000000d6600000, 0x00000000d8d00000, 0x00000000f2200000)
  object space 39936K, 54% used [0x00000000d6600000,0x00000000d7b3c5f8,0x00000000d8d00000)
 PSPermGen       total 80896K, used 40461K [0x00000000cc000000, 0x00000000d0f00000, 0x00000000d6600000)
  object space 80896K, 50% used [0x00000000cc000000,0x00000000ce7836f8,0x00000000d0f00000)
}
Event: 11314.404 GC heap before
{Heap before GC invocations=54 (full 1):
 PSYoungGen      total 150528K, used 148480K [0x00000000f2200000, 0x00000000fbc00000, 0x0000000100000000)
  eden space 147456K, 100% used [0x00000000f2200000,0x00000000fb200000,0x00000000fb200000)
  from space 3072K, 33% used [0x00000000fb480000,0x00000000fb580000,0x00000000fb780000)
  to   space 2560K, 0% used [0x00000000fb200000,0x00000000fb200000,0x00000000fb480000)
 ParOldGen       total 39936K, used 21745K [0x00000000d6600000, 0x00000000d8d00000, 0x00000000f2200000)
  object space 39936K, 54% used [0x00000000d6600000,0x00000000d7b3c5f8,0x00000000d8d00000)
 PSPermGen       total 80896K, used 40461K [0x00000000cc000000, 0x00000000d0f00000, 0x00000000d6600000)
  object space 80896K, 50% used [0x00000000cc000000,0x00000000ce7836f8,0x00000000d0f00000)

