# JRE version: OpenJDK Runtime Environment (7.0_79-b14) (build 1.7.0_79-b14)
# Java VM: OpenJDK 64-Bit Server VM (24.79-b02 mixed mode linux-amd64 compressed oops)
Heap
 PSYoungGen      total 179712K, used 64K [0x00000000f2200000, 0x00000000fd700000, 0x0000000100000000)
  eden space 179200K, 0% used [0x00000000f2200000,0x00000000f2200000,0x00000000fd100000)
  from space 512K, 12% used [0x00000000fd100000,0x00000000fd110000,0x00000000fd180000)
  to   space 512K, 0% used [0x00000000fd180000,0x00000000fd180000,0x00000000fd200000)
 ParOldGen       total 27136K, used 12655K [0x00000000d6600000, 0x00000000d8080000, 0x00000000f2200000)
  object space 27136K, 46% used [0x00000000d6600000,0x00000000d725bf50,0x00000000d8080000)
 PSPermGen       total 21504K, used 20917K [0x00000000cc000000, 0x00000000cd500000, 0x00000000d6600000)
  object space 21504K, 97% used [0x00000000cc000000,0x00000000cd46d728,0x00000000cd500000)
GC Heap History (10 events):
Event: 11233.201 GC heap after
Heap after GC invocations=3286 (full 0):
 PSYoungGen      total 89088K, used 32K [0x00000000f2200000, 0x00000000fd200000, 0x0000000100000000)
  eden space 88576K, 0% used [0x00000000f2200000,0x00000000f2200000,0x00000000f7880000)
  from space 512K, 6% used [0x00000000fd180000,0x00000000fd188000,0x00000000fd200000)
  to   space 512K, 0% used [0x00000000fd100000,0x00000000fd100000,0x00000000fd180000)
 ParOldGen       total 27136K, used 12655K [0x00000000d6600000, 0x00000000d8080000, 0x00000000f2200000)
  object space 27136K, 46% used [0x00000000d6600000,0x00000000d725bf50,0x00000000d8080000)
 PSPermGen       total 21504K, used 20917K [0x00000000cc000000, 0x00000000cd500000, 0x00000000d6600000)
  object space 21504K, 97% used [0x00000000cc000000,0x00000000cd46d728,0x00000000cd500000)
}
Event: 11271.438 GC heap before
{Heap before GC invocations=3287 (full 0):
 PSYoungGen      total 89088K, used 88608K [0x00000000f2200000, 0x00000000fd200000, 0x0000000100000000)
  eden space 88576K, 100% used [0x00000000f2200000,0x00000000f7880000,0x00000000f7880000)
  from space 512K, 6% used [0x00000000fd180000,0x00000000fd188000,0x00000000fd200000)
  to   space 512K, 0% used [0x00000000fd100000,0x00000000fd100000,0x00000000fd180000)
 ParOldGen       total 27136K, used 12655K [0x00000000d6600000, 0x00000000d8080000, 0x00000000f2200000)
  object space 27136K, 46% used [0x00000000d6600000,0x00000000d725bf50,0x00000000d8080000)
 PSPermGen       total 21504K, used 20917K [0x00000000cc000000, 0x00000000cd500000, 0x00000000d6600000)
  object space 21504K, 97% used [0x00000000cc000000,0x00000000cd46d728,0x00000000cd500000)
Event: 11274.032 GC heap after
Heap after GC invocations=3287 (full 0):
 PSYoungGen      total 107008K, used 32K [0x00000000f2200000, 0x00000000fd200000, 0x0000000100000000)
  eden space 106496K, 0% used [0x00000000f2200000,0x00000000f2200000,0x00000000f8a00000)
  from space 512K, 6% used [0x00000000fd100000,0x00000000fd108000,0x00000000fd180000)
  to   space 512K, 0% used [0x00000000fd180000,0x00000000fd180000,0x00000000fd200000)
 ParOldGen       total 27136K, used 12655K [0x00000000d6600000, 0x00000000d8080000, 0x00000000f2200000)
  object space 27136K, 46% used [0x00000000d6600000,0x00000000d725bf50,0x00000000d8080000)
 PSPermGen       total 21504K, used 20917K [0x00000000cc000000, 0x00000000cd500000, 0x00000000d6600000)
  object space 21504K, 97% used [0x00000000cc000000,0x00000000cd46d728,0x00000000cd500000)
}
Event: 11368.688 GC heap before
{Heap before GC invocations=3288 (full 0):
 PSYoungGen      total 107008K, used 106528K [0x00000000f2200000, 0x00000000fd200000, 0x0000000100000000)
  eden space 106496K, 100% used [0x00000000f2200000,0x00000000f8a00000,0x00000000f8a00000)
  from space 512K, 6% used [0x00000000fd100000,0x00000000fd108000,0x00000000fd180000)
  to   space 512K, 0% used [0x00000000fd180000,0x00000000fd180000,0x00000000fd200000)
 ParOldGen       total 27136K, used 12655K [0x00000000d6600000, 0x00000000d8080000, 0x00000000f2200000)
  object space 27136K, 46% used [0x00000000d6600000,0x00000000d725bf50,0x00000000d8080000)
 PSPermGen       total 21504K, used 20917K [0x00000000cc000000, 0x00000000cd500000, 0x00000000d6600000)
  object space 21504K, 97% used [0x00000000cc000000,0x00000000cd46d728,0x00000000cd500000)
Event: 11369.990 GC heap after
Heap after GC invocations=3288 (full 0):
 PSYoungGen      total 128512K, used 64K [0x00000000f2200000, 0x00000000fd200000, 0x0000000100000000)
  eden space 128000K, 0% used [0x00000000f2200000,0x00000000f2200000,0x00000000f9f00000)
  from space 512K, 12% used [0x00000000fd180000,0x00000000fd190000,0x00000000fd200000)
  to   space 512K, 0% used [0x00000000fd100000,0x00000000fd100000,0x00000000fd180000)
 ParOldGen       total 27136K, used 12655K [0x00000000d6600000, 0x00000000d8080000, 0x00000000f2200000)
  object space 27136K, 46% used [0x00000000d6600000,0x00000000d725bf50,0x00000000d8080000)
 PSPermGen       total 21504K, used 20917K [0x00000000cc000000, 0x00000000cd500000, 0x00000000d6600000)
  object space 21504K, 97% used [0x00000000cc000000,0x00000000cd46d728,0x00000000cd500000)
}
Event: 11422.520 GC heap before
{Heap before GC invocations=3289 (full 0):
 PSYoungGen      total 128512K, used 128064K [0x00000000f2200000, 0x00000000fd200000, 0x0000000100000000)
  eden space 128000K, 100% used [0x00000000f2200000,0x00000000f9f00000,0x00000000f9f00000)
  from space 512K, 12% used [0x00000000fd180000,0x00000000fd190000,0x00000000fd200000)
  to   space 512K, 0% used [0x00000000fd100000,0x00000000fd100000,0x00000000fd180000)
 ParOldGen       total 27136K, used 12655K [0x00000000d6600000, 0x00000000d8080000, 0x00000000f2200000)
  object space 27136K, 46% used [0x00000000d6600000,0x00000000d725bf50,0x00000000d8080000)
 PSPermGen       total 21504K, used 20917K [0x00000000cc000000, 0x00000000cd500000, 0x00000000d6600000)
  object space 21504K, 97% used [0x00000000cc000000,0x00000000cd46d728,0x00000000cd500000)
Event: 11423.103 GC heap after
Heap after GC invocations=3289 (full 0):
 PSYoungGen      total 154112K, used 32K [0x00000000f2200000, 0x00000000fd200000, 0x0000000100000000)
  eden space 153600K, 0% used [0x00000000f2200000,0x00000000f2200000,0x00000000fb800000)
  from space 512K, 6% used [0x00000000fd100000,0x00000000fd108000,0x00000000fd180000)
  to   space 512K, 0% used [0x00000000fd180000,0x00000000fd180000,0x00000000fd200000)
 ParOldGen       total 27136K, used 12655K [0x00000000d6600000, 0x00000000d8080000, 0x00000000f2200000)
  object space 27136K, 46% used [0x00000000d6600000,0x00000000d725bf50,0x00000000d8080000)
 PSPermGen       total 21504K, used 20917K [0x00000000cc000000, 0x00000000cd500000, 0x00000000d6600000)
  object space 21504K, 97% used [0x00000000cc000000,0x00000000cd46d728,0x00000000cd500000)
}
Event: 11475.984 GC heap before
{Heap before GC invocations=3290 (full 0):
 PSYoungGen      total 154112K, used 153632K [0x00000000f2200000, 0x00000000fd200000, 0x0000000100000000)
  eden space 153600K, 100% used [0x00000000f2200000,0x00000000fb800000,0x00000000fb800000)
  from space 512K, 6% used [0x00000000fd100000,0x00000000fd108000,0x00000000fd180000)
  to   space 512K, 0% used [0x00000000fd180000,0x00000000fd180000,0x00000000fd200000)
 ParOldGen       total 27136K, used 12655K [0x00000000d6600000, 0x00000000d8080000, 0x00000000f2200000)
  object space 27136K, 46% used [0x00000000d6600000,0x00000000d725bf50,0x00000000d8080000)
 PSPermGen       total 21504K, used 20917K [0x00000000cc000000, 0x00000000cd500000, 0x00000000d6600000)
  object space 21504K, 97% used [0x00000000cc000000,0x00000000cd46d728,0x00000000cd500000)
Event: 11477.673 GC heap after
Heap after GC invocations=3290 (full 0):
 PSYoungGen      total 179712K, used 64K [0x00000000f2200000, 0x00000000fd700000, 0x0000000100000000)
  eden space 179200K, 0% used [0x00000000f2200000,0x00000000f2200000,0x00000000fd100000)
  from space 512K, 12% used [0x00000000fd180000,0x00000000fd190000,0x00000000fd200000)
  to   space 512K, 0% used [0x00000000fd100000,0x00000000fd100000,0x00000000fd180000)
 ParOldGen       total 27136K, used 12655K [0x00000000d6600000, 0x00000000d8080000, 0x00000000f2200000)
  object space 27136K, 46% used [0x00000000d6600000,0x00000000d725bf50,0x00000000d8080000)
 PSPermGen       total 21504K, used 20917K [0x00000000cc000000, 0x00000000cd500000, 0x00000000d6600000)
  object space 21504K, 97% used [0x00000000cc000000,0x00000000cd46d728,0x00000000cd500000)
}
Event: 11539.356 GC heap before
{Heap before GC invocations=3291 (full 0):
 PSYoungGen      total 179712K, used 179264K [0x00000000f2200000, 0x00000000fd700000, 0x0000000100000000)
  eden space 179200K, 100% used [0x00000000f2200000,0x00000000fd100000,0x00000000fd100000)
  from space 512K, 12% used [0x00000000fd180000,0x00000000fd190000,0x00000000fd200000)
  to   space 512K, 0% used [0x00000000fd100000,0x00000000fd100000,0x00000000fd180000)
 ParOldGen       total 27136K, used 12655K [0x00000000d6600000, 0x00000000d8080000, 0x00000000f2200000)
  object space 27136K, 46% used [0x00000000d6600000,0x00000000d725bf50,0x00000000d8080000)
 PSPermGen       total 21504K, used 20917K [0x00000000cc000000, 0x00000000cd500000, 0x00000000d6600000)
  object space 21504K, 97% used [0x00000000cc000000,0x00000000cd46d728,0x00000000cd500000)

